{"numFailedTestSuites":1,"numFailedTests":1,"numPassedTestSuites":0,"numPassedTests":4,"numPendingTestSuites":0,"numPendingTests":0,"numRuntimeErrorTestSuites":0,"numTodoTests":0,"numTotalTestSuites":1,"numTotalTests":5,"openHandles":[],"snapshot":{"added":0,"didUpdate":false,"failure":false,"filesAdded":0,"filesRemoved":0,"filesRemovedList":[],"filesUnmatched":0,"filesUpdated":0,"matched":0,"total":0,"unchecked":0,"uncheckedKeysByFile":[],"unmatched":0,"updated":0},"startTime":1784123160681,"success":false,"testResults":[{"assertionResults":[{"ancestorTitles":["Back-office administration"],"duration":664,"failureDetails":[],"failureMessages":[],"fullName":"Back-office administration refuse l’accès aux routes admin sans authentification, pour un client et pour un artisan","invocations":1,"location":null,"numPassingAsserts":15,"retryReasons":[],"status":"passed","title":"refuse l’accès aux routes admin sans authentification, pour un client et pour un artisan"},{"ancestorTitles":["Back-office administration"],"duration":250,"failureDetails":[{"matcherResult":{"actual":false,"expected":true,"message":"\u001b[2mexpect(\u001b[22m\u001b[31mreceived\u001b[39m\u001b[2m).\u001b[22mtoBe\u001b[2m(\u001b[22m\u001b[32mexpected\u001b[39m\u001b[2m) // Object.is equality\u001b[22m\n\nExpected: \u001b[32mtrue\u001b[39m\nReceived: \u001b[31mfalse\u001b[39m","name":"toBe","pass":false}}],"failureMessages":["Error: \u001b[2mexpect(\u001b[22m\u001b[31mreceived\u001b[39m\u001b[2m).\u001b[22mtoBe\u001b[2m(\u001b[22m\u001b[32mexpected\u001b[39m\u001b[2m) // Object.is equality\u001b[22m\n\nExpected: \u001b[32mtrue\u001b[39m\nReceived: \u001b[31mfalse\u001b[39m\n    at Object.<anonymous> (C:\\Users\\Moi\\Desktop\\model\\modelepro-backend\\src\\__tests__\\admin.test.ts:132:77)\n    at processTicksAndRejections (node:internal/process/task_queues:103:5)"],"fullName":"Back-office administration permet à l’administrateur de lister les artisans en attente","invocations":1,"location":null,"numPassingAsserts":2,"retryReasons":[],"status":"failed","title":"permet à l’administrateur de lister les artisans en attente"},{"ancestorTitles":["Back-office administration"],"duration":98,"failureDetails":[],"failureMessages":[],"fullName":"Back-office administration permet à l’administrateur de valider un artisan en attente","invocations":1,"location":null,"numPassingAsserts":2,"retryReasons":[],"status":"passed","title":"permet à l’administrateur de valider un artisan en attente"},{"ancestorTitles":["Back-office administration"],"duration":49,"failureDetails":[],"failureMessages":[],"fullName":"Back-office administration permet à l’administrateur de supprimer définitivement un modèle","invocations":1,"location":null,"numPassingAsserts":1,"retryReasons":[],"status":"passed","title":"permet à l’administrateur de supprimer définitivement un modèle"},{"ancestorTitles":["Back-office administration"],"duration":200,"failureDetails":[],"failureMessages":[],"fullName":"Back-office administration permet à l’administrateur de lire les réclamations et les statistiques","invocations":1,"location":null,"numPassingAsserts":7,"retryReasons":[],"status":"passed","title":"permet à l’administrateur de lire les réclamations et les statistiques"}],"endTime":1784123173727,"message":"\u001b[1m\u001b[31m  \u001b[1m● \u001b[22m\u001b[1mBack-office administration › permet à l’administrateur de lister les artisans en attente\u001b[39m\u001b[22m\n\n    \u001b[2mexpect(\u001b[22m\u001b[31mreceived\u001b[39m\u001b[2m).\u001b[22mtoBe\u001b[2m(\u001b[22m\u001b[32mexpected\u001b[39m\u001b[2m) // Object.is equality\u001b[22m\n\n    Expected: \u001b[32mtrue\u001b[39m\n    Received: \u001b[31mfalse\u001b[39m\n\u001b[2m\u001b[22m\n\u001b[2m    \u001b[0m \u001b[90m 130 |\u001b[39m     expect(response\u001b[33m.\u001b[39mstatus)\u001b[33m.\u001b[39mtoBe(\u001b[35m200\u001b[39m)\u001b[33m;\u001b[39m\u001b[22m\n\u001b[2m     \u001b[90m 131 |\u001b[39m     expect(\u001b[33mArray\u001b[39m\u001b[33m.\u001b[39misArray(response\u001b[33m.\u001b[39mbody))\u001b[33m.\u001b[39mtoBe(\u001b[36mtrue\u001b[39m)\u001b[33m;\u001b[39m\u001b[22m\n\u001b[2m    \u001b[31m\u001b[1m>\u001b[22m\u001b[2m\u001b[39m\u001b[90m 132 |\u001b[39m     expect(response\u001b[33m.\u001b[39mbody\u001b[33m.\u001b[39msome((item\u001b[33m:\u001b[39m any) \u001b[33m=>\u001b[39m item\u001b[33m.\u001b[39mid \u001b[33m===\u001b[39m pendingArtisanId))\u001b[33m.\u001b[39mtoBe(\u001b[36mtrue\u001b[39m)\u001b[33m;\u001b[39m\u001b[22m\n\u001b[2m     \u001b[90m     |\u001b[39m                                                                             \u001b[31m\u001b[1m^\u001b[22m\u001b[2m\u001b[39m\u001b[22m\n\u001b[2m     \u001b[90m 133 |\u001b[39m   })\u001b[33m;\u001b[39m\u001b[22m\n\u001b[2m     \u001b[90m 134 |\u001b[39m\u001b[22m\n\u001b[2m     \u001b[90m 135 |\u001b[39m   it(\u001b[32m'permet à l’administrateur de valider un artisan en attente'\u001b[39m\u001b[33m,\u001b[39m \u001b[36masync\u001b[39m () \u001b[33m=>\u001b[39m {\u001b[0m\u001b[22m\n\u001b[2m\u001b[22m\n\u001b[2m      \u001b[2mat Object.<anonymous> (\u001b[22m\u001b[2m\u001b[0m\u001b[36msrc/__tests__/admin.test.ts\u001b[39m\u001b[0m\u001b[2m:132:77)\u001b[22m\u001b[2m\u001b[22m\n","name":"C:\\Users\\Moi\\Desktop\\model\\modelepro-backend\\src\\__tests__\\admin.test.ts","startTime":1784123162205,"status":"failed","summary":""}],"wasInterrupted":false}
