{"numFailedTestSuites":1,"numFailedTests":1,"numPassedTestSuites":0,"numPassedTests":4,"numPendingTestSuites":0,"numPendingTests":0,"numRuntimeErrorTestSuites":0,"numTodoTests":0,"numTotalTestSuites":1,"numTotalTests":5,"openHandles":[],"snapshot":{"added":0,"didUpdate":false,"failure":false,"filesAdded":0,"filesRemoved":0,"filesRemovedList":[],"filesUnmatched":0,"filesUpdated":0,"matched":0,"total":0,"unchecked":0,"uncheckedKeysByFile":[],"unmatched":0,"updated":0},"startTime":1784129377135,"success":false,"testResults":[{"assertionResults":[{"ancestorTitles":["Messagerie contextuelle"],"duration":142,"failureDetails":[],"failureMessages":[],"fullName":"Messagerie contextuelle refuse l’envoi et la lecture sans authentification","invocations":1,"location":null,"numPassingAsserts":2,"retryReasons":[],"status":"passed","title":"refuse l’envoi et la lecture sans authentification"},{"ancestorTitles":["Messagerie contextuelle"],"duration":91,"failureDetails":[],"failureMessages":[],"fullName":"Messagerie contextuelle refuse l’accès à une commande à un utilisateur externe","invocations":1,"location":null,"numPassingAsserts":2,"retryReasons":[],"status":"passed","title":"refuse l’accès à une commande à un utilisateur externe"},{"ancestorTitles":["Messagerie contextuelle"],"duration":57,"failureDetails":[],"failureMessages":[],"fullName":"Messagerie contextuelle envoie un message texte et crée une notification non lue pour le destinataire","invocations":1,"location":null,"numPassingAsserts":6,"retryReasons":[],"status":"passed","title":"envoie un message texte et crée une notification non lue pour le destinataire"},{"ancestorTitles":["Messagerie contextuelle"],"duration":80,"failureDetails":[{"matcherResult":{"actual":404,"expected":201,"message":"\u001b[2mexpect(\u001b[22m\u001b[31mreceived\u001b[39m\u001b[2m).\u001b[22mtoBe\u001b[2m(\u001b[22m\u001b[32mexpected\u001b[39m\u001b[2m) // Object.is equality\u001b[22m\n\nExpected: \u001b[32m201\u001b[39m\nReceived: \u001b[31m404\u001b[39m","name":"toBe","pass":false}}],"failureMessages":["Error: \u001b[2mexpect(\u001b[22m\u001b[31mreceived\u001b[39m\u001b[2m).\u001b[22mtoBe\u001b[2m(\u001b[22m\u001b[32mexpected\u001b[39m\u001b[2m) // Object.is equality\u001b[22m\n\nExpected: \u001b[32m201\u001b[39m\nReceived: \u001b[31m404\u001b[39m\n    at Object.<anonymous> (C:\\Users\\Moi\\Desktop\\model\\modelepro-backend\\src\\__tests__\\message.test.ts:129:29)\n    at processTicksAndRejections (node:internal/process/task_queues:103:5)"],"fullName":"Messagerie contextuelle accepte l’envoi d’une photo dans le fil de discussion","invocations":1,"location":null,"numPassingAsserts":0,"retryReasons":[],"status":"failed","title":"accepte l’envoi d’une photo dans le fil de discussion"},{"ancestorTitles":["Messagerie contextuelle"],"duration":43,"failureDetails":[],"failureMessages":[],"fullName":"Messagerie contextuelle retourne l’historique des messages d’une commande trié par date croissante","invocations":1,"location":null,"numPassingAsserts":3,"retryReasons":[],"status":"passed","title":"retourne l’historique des messages d’une commande trié par date croissante"}],"endTime":1784129384096,"message":"\u001b[1m\u001b[31m  \u001b[1m● \u001b[22m\u001b[1mMessagerie contextuelle › accepte l’envoi d’une photo dans le fil de discussion\u001b[39m\u001b[22m\n\n    \u001b[2mexpect(\u001b[22m\u001b[31mreceived\u001b[39m\u001b[2m).\u001b[22mtoBe\u001b[2m(\u001b[22m\u001b[32mexpected\u001b[39m\u001b[2m) // Object.is equality\u001b[22m\n\n    Expected: \u001b[32m201\u001b[39m\n    Received: \u001b[31m404\u001b[39m\n\u001b[2m\u001b[22m\n\u001b[2m    \u001b[0m \u001b[90m 127 |\u001b[39m       \u001b[33m.\u001b[39mattach(\u001b[32m'photo'\u001b[39m\u001b[33m,\u001b[39m path\u001b[33m.\u001b[39mjoin(__dirname\u001b[33m,\u001b[39m \u001b[32m'fixtures'\u001b[39m\u001b[33m,\u001b[39m \u001b[32m'test-image.png'\u001b[39m))\u001b[33m;\u001b[39m\u001b[22m\n\u001b[2m     \u001b[90m 128 |\u001b[39m\u001b[22m\n\u001b[2m    \u001b[31m\u001b[1m>\u001b[22m\u001b[2m\u001b[39m\u001b[90m 129 |\u001b[39m     expect(response\u001b[33m.\u001b[39mstatus)\u001b[33m.\u001b[39mtoBe(\u001b[35m201\u001b[39m)\u001b[33m;\u001b[39m\u001b[22m\n\u001b[2m     \u001b[90m     |\u001b[39m                             \u001b[31m\u001b[1m^\u001b[22m\u001b[2m\u001b[39m\u001b[22m\n\u001b[2m     \u001b[90m 130 |\u001b[39m     expect(response\u001b[33m.\u001b[39mbody)\u001b[33m.\u001b[39mtoHaveProperty(\u001b[32m'id'\u001b[39m)\u001b[33m;\u001b[39m\u001b[22m\n\u001b[2m     \u001b[90m 131 |\u001b[39m     expect(response\u001b[33m.\u001b[39mbody\u001b[33m.\u001b[39mphotoUrl)\u001b[33m.\u001b[39mtoBeTruthy()\u001b[33m;\u001b[39m\u001b[22m\n\u001b[2m     \u001b[90m 132 |\u001b[39m   })\u001b[33m;\u001b[39m\u001b[0m\u001b[22m\n\u001b[2m\u001b[22m\n\u001b[2m      \u001b[2mat Object.<anonymous> (\u001b[22m\u001b[2m\u001b[0m\u001b[36msrc/__tests__/message.test.ts\u001b[39m\u001b[0m\u001b[2m:129:29)\u001b[22m\u001b[2m\u001b[22m\n","name":"C:\\Users\\Moi\\Desktop\\model\\modelepro-backend\\src\\__tests__\\message.test.ts","startTime":1784129377893,"status":"failed","summary":""}],"wasInterrupted":false}
